srcscan starts
INFO: analyzing module control32 (VERI-9002)
INFO: analyzing module controlIO32 (VERI-9002)
INFO: analyzing module dmemory32 (VERI-9002)
INFO: analyzing module Executs32 (VERI-9002)
V:/cpu/Minisys-1_2-10.30/Minisys-1_2.srcs/sources_1/imports/minisys/executs32.v(22): WARNING: redeclaration of ansi port 'ALU_Result' is not allowed (VERI-1372)
INFO: analyzing module Idecode32 (VERI-9002)
V:/cpu/Minisys-1_2-10.30/Minisys-1_2.srcs/sources_1/imports/minisys/idecode32.v(25): WARNING: redeclaration of ansi port 'read_register_1_address' is not allowed (VERI-1372)
INFO: analyzing module Ifetc32 (VERI-9002)
V:/cpu/Minisys-1_2-10.30/Minisys-1_2.srcs/sources_1/imports/minisys/ifetc32.v(25): WARNING: redeclaration of ansi port 'opcplus4' is not allowed (VERI-1372)
INFO: analyzing module ioread (VERI-9002)
V:/cpu/Minisys-1_2-10.30/Minisys-1_2.srcs/sources_1/imports/minisys/ioread.v(12): WARNING: redeclaration of ansi port 'ioread_data' is not allowed (VERI-1372)
INFO: analyzing module leds (VERI-9002)
V:/cpu/Minisys-1_2-10.30/Minisys-1_2.srcs/sources_1/imports/minisys/leds.v(14): WARNING: redeclaration of ansi port 'ledout' is not allowed (VERI-1372)
INFO: analyzing module memorio (VERI-9002)
V:/cpu/Minisys-1_2-10.30/Minisys-1_2.srcs/sources_1/imports/minisys/memorio.v(20): WARNING: redeclaration of ansi port 'write_data' is not allowed (VERI-1372)
INFO: analyzing module minisys (VERI-9002)
INFO: analyzing module programrom (VERI-9002)
INFO: analyzing module switchs (VERI-9002)
V:/cpu/Minisys-1_2-10.30/Minisys-1_2.srcs/sources_1/imports/minisys/switchs.v(14): WARNING: redeclaration of ansi port 'switchrdata' is not allowed (VERI-1372)
Listing tops:
VeriTop library:xil_defaultlib mod:controlIO32
VeriTop library:xil_defaultlib mod:minisys
END of tops
V:/cpu/Minisys-1_2-10.30/Minisys-1_2.srcs/sources_1/imports/minisys/controlIO32.v(3): INFO: compiling module 'controlIO32_default' (VERI-1018)
V:/cpu/Minisys-1_2-10.30/Minisys-1_2.srcs/sources_1/imports/minisys/minisys.v(4): INFO: compiling module 'minisys_default' (VERI-1018)
V:/cpu/Minisys-1_2-10.30/Minisys-1_2.srcs/sources_1/imports/minisys/minisys.v(67): WARNING: Module <cpuclk> not found while processing module instance <cpuclk> (VERI-1063)
V:/cpu/Minisys-1_2-10.30/Minisys-1_2.srcs/sources_1/imports/minisys/minisys.v(73): WARNING: Module <uart_bmpg_0> not found while processing module instance <uartpg> (VERI-1063)
V:/cpu/Minisys-1_2-10.30/Minisys-1_2.srcs/sources_1/imports/minisys/programrom.v(21): WARNING: Module <prgrom> not found while processing module instance <instmem> (VERI-1063)
V:/cpu/Minisys-1_2-10.30/Minisys-1_2.srcs/sources_1/imports/minisys/dmemory32.v(26): WARNING: Module <ram> not found while processing module instance <ram> (VERI-1063)
srcscan exits with return value 0
