Copyright 1986-2021 Xilinx, Inc. All Rights Reserved.
-------------------------------------------------------------------------------------
| Tool Version : Vivado v.2021.1 (win64) Build 3247384 Thu Jun 10 19:36:33 MDT 2021
| Date         : Fri Jul  9 09:45:57 2021
| Host         : FCXiaoXin running 64-bit major release  (build 9200)
| Command      : report_clock_utilization -file minisys_clock_utilization_routed.rpt
| Design       : minisys
| Device       : 7a100t-fgg484
| Speed File   : -1  PRODUCTION 1.23 2018-06-13
| Design State : Routed
-------------------------------------------------------------------------------------

Clock Utilization Report

Table of Contents
-----------------
1. Clock Primitive Utilization
2. Global Clock Resources
3. Global Clock Source Details
4. Clock Regions: Key Resource Utilization
5. Clock Regions : Global Clock Summary
6. Device Cell Placement Summary for Global Clock g0
7. Device Cell Placement Summary for Global Clock g1
8. Device Cell Placement Summary for Global Clock g2
9. Device Cell Placement Summary for Global Clock g3
10. Device Cell Placement Summary for Global Clock g4
11. Device Cell Placement Summary for Global Clock g5
12. Device Cell Placement Summary for Global Clock g6
13. Clock Region Cell Placement per Global Clock: Region X0Y1
14. Clock Region Cell Placement per Global Clock: Region X1Y1

1. Clock Primitive Utilization
------------------------------

+----------+------+-----------+-----+--------------+--------+
| Type     | Used | Available | LOC | Clock Region | Pblock |
+----------+------+-----------+-----+--------------+--------+
| BUFGCTRL |    7 |        32 |   0 |            0 |      0 |
| BUFH     |    0 |        96 |   0 |            0 |      0 |
| BUFIO    |    0 |        24 |   0 |            0 |      0 |
| BUFMR    |    0 |        12 |   0 |            0 |      0 |
| BUFR     |    0 |        24 |   0 |            0 |      0 |
| MMCM     |    1 |         6 |   0 |            0 |      0 |
| PLL      |    0 |         6 |   0 |            0 |      0 |
+----------+------+-----------+-----+--------------+--------+


2. Global Clock Resources
-------------------------

+-----------+-----------+-----------------+------------+---------------+--------------+-------------------+-------------+-----------------+--------------+-----------------+-------------------------------------------------+------------------------------------------+
| Global Id | Source Id | Driver Type/Pin | Constraint | Site          | Clock Region | Load Clock Region | Clock Loads | Non-Clock Loads | Clock Period | Clock           | Driver Pin                                      | Net                                      |
+-----------+-----------+-----------------+------------+---------------+--------------+-------------------+-------------+-----------------+--------------+-----------------+-------------------------------------------------+------------------------------------------+
| g0        | src0      | BUFG/O          | None       | BUFGCTRL_X0Y0 | n/a          |                 2 |        1096 |               2 |       45.455 | clk_out1_cpuclk | cpuclk/inst/clkout1_buf/O                       | cpuclk/inst/clk_out1                     |
| g1        | src1      | BUFG/O          | None       | BUFGCTRL_X0Y1 | n/a          |                 1 |         208 |               0 |              |                 | uartpg/inst/upg_inst/rdStat_BUFG_inst/O         | uartpg/inst/upg_inst/rdStat_BUFG         |
| g2        | src2      | BUFG/O          | None       | BUFGCTRL_X0Y2 | n/a          |                 1 |         170 |               0 |      100.000 | clk_out2_cpuclk | uartpg/inst/upg_inst/upg_clk_i_IBUF_BUFG_inst/O | uartpg/inst/upg_inst/upg_clk_i_IBUF_BUFG |
| g3        | src3      | BUFG/O          | None       | BUFGCTRL_X0Y3 | n/a          |                 1 |          32 |               0 |       45.455 | clk_out1_cpuclk | ROM/instmem_i_1_n_0_BUFG_inst/O                 | ROM/instmem_i_1_n_0_BUFG                 |
| g4        | src4      | BUFG/O          | None       | BUFGCTRL_X0Y4 | n/a          |                 2 |          32 |               0 |       45.455 | clk_out1_cpuclk | memory/ram_i_1_n_0_BUFG_inst/O                  | memory/ram_i_1_n_0_BUFG                  |
| g5        | src5      | BUFG/O          | None       | BUFGCTRL_X0Y6 | n/a          |                 1 |           1 |               0 |       50.000 | clkfbout_cpuclk | cpuclk/inst/clkf_buf/O                          | cpuclk/inst/clkfbout_buf_cpuclk          |
| g6        | src6      | BUFG/O          | None       | BUFGCTRL_X0Y5 | n/a          |                 1 |           0 |               1 |          n/a | n/a             | U1/O                                            | spg_bufg                                 |
+-----------+-----------+-----------------+------------+---------------+--------------+-------------------+-------------+-----------------+--------------+-----------------+-------------------------------------------------+------------------------------------------+
* Clock Loads column represents the clock pin loads (pin count)
** Non-Clock Loads column represents the non-clock pin loads (pin count)


3. Global Clock Source Details
------------------------------

+-----------+-----------+---------------------+------------+-----------------+--------------+-------------+-----------------+---------------------+-----------------+------------------------------------+-----------------------------+
| Source Id | Global Id | Driver Type/Pin     | Constraint | Site            | Clock Region | Clock Loads | Non-Clock Loads | Source Clock Period | Source Clock    | Driver Pin                         | Net                         |
+-----------+-----------+---------------------+------------+-----------------+--------------+-------------+-----------------+---------------------+-----------------+------------------------------------+-----------------------------+
| src0      | g0        | MMCME2_ADV/CLKOUT0  | None       | MMCME2_ADV_X0Y1 | X0Y1         |           1 |               0 |              45.455 | clk_out1_cpuclk | cpuclk/inst/mmcm_adv_inst/CLKOUT0  | cpuclk/inst/clk_out1_cpuclk |
| src1      | g1        | FDCE/Q              | None       | SLICE_X69Y88    | X1Y1         |           1 |               6 |                     |                 | uartpg/inst/upg_inst/rdStat_reg/Q  | uartpg/inst/upg_inst/rdStat |
| src2      | g2        | MMCME2_ADV/CLKOUT1  | None       | MMCME2_ADV_X0Y1 | X0Y1         |           1 |               0 |             100.000 | clk_out2_cpuclk | cpuclk/inst/mmcm_adv_inst/CLKOUT1  | cpuclk/inst/clk_out2_cpuclk |
| src3      | g3        | LUT4/O              | None       | SLICE_X59Y86    | X1Y1         |           1 |               0 |              45.455 | clk_out1_cpuclk | ROM/instmem_i_1/O                  | ROM/instmem_i_1_n_0         |
| src4      | g4        | LUT4/O              | None       | SLICE_X52Y89    | X1Y1         |           1 |               0 |              45.455 | clk_out1_cpuclk | memory/ram_i_1/O                   | memory/ram_i_1_n_0          |
| src5      | g5        | MMCME2_ADV/CLKFBOUT | None       | MMCME2_ADV_X0Y1 | X0Y1         |           1 |               0 |              50.000 | clkfbout_cpuclk | cpuclk/inst/mmcm_adv_inst/CLKFBOUT | cpuclk/inst/clkfbout_cpuclk |
| src6      | g6        | IBUF/O              | IOB_X1Y108 | IOB_X1Y108      | X1Y2         |           1 |               0 |                     |                 | start_pg_IBUF_inst/O               | start_pg_IBUF               |
+-----------+-----------+---------------------+------------+-----------------+--------------+-------------+-----------------+---------------------+-----------------+------------------------------------+-----------------------------+
* Clock Loads column represents the clock pin loads (pin count)
** Non-Clock Loads column represents the non-clock pin loads (pin count)


4. Clock Regions: Key Resource Utilization
------------------------------------------

+-------------------+--------------+--------------+--------------+--------------+--------------+--------------+--------------+--------------+--------------+--------------+--------------+--------------+--------------+--------------+--------------+
|                   | Global Clock |     BUFRs    |    BUFMRs    |    BUFIOs    |     MMCM     |      PLL     |      GT      |      PCI     |    ILOGIC    |    OLOGIC    |      FF      |     LUTM     |    RAMB18    |    RAMB36    |    DSP48E2   |
+-------------------+------+-------+------+-------+------+-------+------+-------+------+-------+------+-------+------+-------+------+-------+------+-------+------+-------+------+-------+------+-------+------+-------+------+-------+------+-------+
| Clock Region Name | Used | Avail | Used | Avail | Used | Avail | Used | Avail | Used | Avail | Used | Avail | Used | Avail | Used | Avail | Used | Avail | Used | Avail | Used | Avail | Used | Avail | Used | Avail | Used | Avail | Used | Avail |
+-------------------+------+-------+------+-------+------+-------+------+-------+------+-------+------+-------+------+-------+------+-------+------+-------+------+-------+------+-------+------+-------+------+-------+------+-------+------+-------+
| X0Y0              |    0 |    12 |    0 |     4 |    0 |     2 |    0 |     4 |    0 |     1 |    0 |     1 |    0 |     0 |    0 |     0 |    0 |    50 |    0 |    50 |    0 |  2600 |    0 |   600 |    0 |    20 |    0 |    10 |    0 |    20 |
| X1Y0              |    0 |    12 |    0 |     0 |    0 |     0 |    0 |     0 |    0 |     0 |    0 |     0 |    0 |     4 |    0 |     0 |    0 |     0 |    0 |     0 |    0 |  1500 |    0 |   550 |    0 |    40 |    0 |    20 |    0 |    40 |
| X0Y1              |    3 |    12 |    0 |     4 |    0 |     2 |    0 |     4 |    1 |     1 |    0 |     1 |    0 |     0 |    0 |     0 |    0 |    50 |    0 |    50 |  910 |  2000 |  228 |   600 |    0 |    20 |    6 |    10 |    0 |    20 |
| X1Y1              |    6 |    12 |    0 |     4 |    0 |     2 |    0 |     4 |    0 |     1 |    0 |     1 |    0 |     0 |    0 |     0 |    0 |    50 |    0 |    50 |  551 |  1900 |  204 |   650 |    0 |    60 |   22 |    30 |    0 |    40 |
| X0Y2              |    0 |    12 |    0 |     4 |    0 |     2 |    0 |     4 |    0 |     1 |    0 |     1 |    0 |     0 |    0 |     0 |    0 |    50 |    0 |    50 |    0 |  2000 |    0 |   600 |    0 |    20 |    0 |    10 |    0 |    20 |
| X1Y2              |    0 |    12 |    0 |     4 |    0 |     2 |    0 |     4 |    0 |     1 |    0 |     1 |    0 |     0 |    0 |     0 |    0 |    50 |    0 |    50 |    0 |  1900 |    0 |   650 |    0 |    60 |    0 |    30 |    0 |    40 |
| X0Y3              |    0 |    12 |    0 |     4 |    0 |     2 |    0 |     4 |    0 |     1 |    0 |     1 |    0 |     0 |    0 |     0 |    0 |    50 |    0 |    50 |    0 |  2600 |    0 |   600 |    0 |    20 |    0 |    10 |    0 |    20 |
| X1Y3              |    0 |    12 |    0 |     0 |    0 |     0 |    0 |     0 |    0 |     0 |    0 |     0 |    0 |     4 |    0 |     1 |    0 |     0 |    0 |     0 |    0 |  1350 |    0 |   500 |    0 |    30 |    0 |    15 |    0 |    40 |
+-------------------+------+-------+------+-------+------+-------+------+-------+------+-------+------+-------+------+-------+------+-------+------+-------+------+-------+------+-------+------+-------+------+-------+------+-------+------+-------+
* Global Clock column represents track count; while other columns represents cell counts


5. Clock Regions : Global Clock Summary
---------------------------------------

All Modules
+----+----+----+
|    | X0 | X1 |
+----+----+----+
| Y3 |  0 |  0 |
| Y2 |  0 |  0 |
| Y1 |  3 |  6 |
| Y0 |  0 |  0 |
+----+----+----+


6. Device Cell Placement Summary for Global Clock g0
----------------------------------------------------

+-----------+-----------------+-------------------+-----------------+-------------+----------------+-------------+----------+----------------+----------+----------------------+
| Global Id | Driver Type/Pin | Driver Region (D) | Clock           | Period (ns) | Waveform (ns)  | Slice Loads | IO Loads | Clocking Loads | GT Loads | Net                  |
+-----------+-----------------+-------------------+-----------------+-------------+----------------+-------------+----------+----------------+----------+----------------------+
| g0        | BUFG/O          | n/a               | clk_out1_cpuclk |      45.455 | {0.000 22.727} |        1098 |        0 |              0 |        0 | cpuclk/inst/clk_out1 |
+-----------+-----------------+-------------------+-----------------+-------------+----------------+-------------+----------+----------------+----------+----------------------+
* Slice Loads column represents load cell count of all cell types other than IO, GT and clock resources
** IO Loads column represents load cell count of IO types
*** Clocking Loads column represents load cell count that are clock resources (global clock buffer, MMCM, PLL, etc)
**** GT Loads column represents load cell count of GT types


+----+------+------+-----------------------+
|    | X0   | X1   | HORIZONTAL PROG DELAY |
+----+------+------+-----------------------+
| Y3 |    0 |    0 |                     0 |
| Y2 |    0 |    0 |                     0 |
| Y1 |  909 |  189 |                     0 |
| Y0 |    0 |    0 |                     0 |
+----+------+------+-----------------------+


7. Device Cell Placement Summary for Global Clock g1
----------------------------------------------------

+-----------+-----------------+-------------------+-------+-------------+---------------+-------------+----------+----------------+----------+----------------------------------+
| Global Id | Driver Type/Pin | Driver Region (D) | Clock | Period (ns) | Waveform (ns) | Slice Loads | IO Loads | Clocking Loads | GT Loads | Net                              |
+-----------+-----------------+-------------------+-------+-------------+---------------+-------------+----------+----------------+----------+----------------------------------+
| g1        | BUFG/O          | n/a               |       |             |               |         208 |        0 |              0 |        0 | uartpg/inst/upg_inst/rdStat_BUFG |
+-----------+-----------------+-------------------+-------+-------------+---------------+-------------+----------+----------------+----------+----------------------------------+
* Slice Loads column represents load cell count of all cell types other than IO, GT and clock resources
** IO Loads column represents load cell count of IO types
*** Clocking Loads column represents load cell count that are clock resources (global clock buffer, MMCM, PLL, etc)
**** GT Loads column represents load cell count of GT types


+----+----+------+-----------------------+
|    | X0 | X1   | HORIZONTAL PROG DELAY |
+----+----+------+-----------------------+
| Y3 |  0 |    0 |                     0 |
| Y2 |  0 |    0 |                     0 |
| Y1 |  0 |  208 |                     0 |
| Y0 |  0 |    0 |                     0 |
+----+----+------+-----------------------+


8. Device Cell Placement Summary for Global Clock g2
----------------------------------------------------

+-----------+-----------------+-------------------+-----------------+-------------+----------------+-------------+----------+----------------+----------+------------------------------------------+
| Global Id | Driver Type/Pin | Driver Region (D) | Clock           | Period (ns) | Waveform (ns)  | Slice Loads | IO Loads | Clocking Loads | GT Loads | Net                                      |
+-----------+-----------------+-------------------+-----------------+-------------+----------------+-------------+----------+----------------+----------+------------------------------------------+
| g2        | BUFG/O          | n/a               | clk_out2_cpuclk |     100.000 | {0.000 50.000} |         170 |        0 |              0 |        0 | uartpg/inst/upg_inst/upg_clk_i_IBUF_BUFG |
+-----------+-----------------+-------------------+-----------------+-------------+----------------+-------------+----------+----------------+----------+------------------------------------------+
* Slice Loads column represents load cell count of all cell types other than IO, GT and clock resources
** IO Loads column represents load cell count of IO types
*** Clocking Loads column represents load cell count that are clock resources (global clock buffer, MMCM, PLL, etc)
**** GT Loads column represents load cell count of GT types


+----+----+------+-----------------------+
|    | X0 | X1   | HORIZONTAL PROG DELAY |
+----+----+------+-----------------------+
| Y3 |  0 |    0 |                     0 |
| Y2 |  0 |    0 |                     0 |
| Y1 |  0 |  170 |                     0 |
| Y0 |  0 |    0 |                     0 |
+----+----+------+-----------------------+


9. Device Cell Placement Summary for Global Clock g3
----------------------------------------------------

+-----------+-----------------+-------------------+-----------------+-------------+----------------+-------------+----------+----------------+----------+--------------------------+
| Global Id | Driver Type/Pin | Driver Region (D) | Clock           | Period (ns) | Waveform (ns)  | Slice Loads | IO Loads | Clocking Loads | GT Loads | Net                      |
+-----------+-----------------+-------------------+-----------------+-------------+----------------+-------------+----------+----------------+----------+--------------------------+
| g3        | BUFG/O          | n/a               | clk_out1_cpuclk |      45.455 | {0.000 22.727} |          17 |        0 |              0 |        0 | ROM/instmem_i_1_n_0_BUFG |
+-----------+-----------------+-------------------+-----------------+-------------+----------------+-------------+----------+----------------+----------+--------------------------+
* Slice Loads column represents load cell count of all cell types other than IO, GT and clock resources
** IO Loads column represents load cell count of IO types
*** Clocking Loads column represents load cell count that are clock resources (global clock buffer, MMCM, PLL, etc)
**** GT Loads column represents load cell count of GT types


+----+----+-----+-----------------------+
|    | X0 | X1  | HORIZONTAL PROG DELAY |
+----+----+-----+-----------------------+
| Y3 |  0 |   0 |                     0 |
| Y2 |  0 |   0 |                     0 |
| Y1 |  0 |  17 |                     0 |
| Y0 |  0 |   0 |                     0 |
+----+----+-----+-----------------------+


10. Device Cell Placement Summary for Global Clock g4
-----------------------------------------------------

+-----------+-----------------+-------------------+-----------------+-------------+----------------+-------------+----------+----------------+----------+-------------------------+
| Global Id | Driver Type/Pin | Driver Region (D) | Clock           | Period (ns) | Waveform (ns)  | Slice Loads | IO Loads | Clocking Loads | GT Loads | Net                     |
+-----------+-----------------+-------------------+-----------------+-------------+----------------+-------------+----------+----------------+----------+-------------------------+
| g4        | BUFG/O          | n/a               | clk_out1_cpuclk |      45.455 | {0.000 22.727} |          17 |        0 |              0 |        0 | memory/ram_i_1_n_0_BUFG |
+-----------+-----------------+-------------------+-----------------+-------------+----------------+-------------+----------+----------------+----------+-------------------------+
* Slice Loads column represents load cell count of all cell types other than IO, GT and clock resources
** IO Loads column represents load cell count of IO types
*** Clocking Loads column represents load cell count that are clock resources (global clock buffer, MMCM, PLL, etc)
**** GT Loads column represents load cell count of GT types


+----+----+-----+-----------------------+
|    | X0 | X1  | HORIZONTAL PROG DELAY |
+----+----+-----+-----------------------+
| Y3 |  0 |   0 |                     0 |
| Y2 |  0 |   0 |                     0 |
| Y1 |  7 |  10 |                     0 |
| Y0 |  0 |   0 |                     0 |
+----+----+-----+-----------------------+


11. Device Cell Placement Summary for Global Clock g5
-----------------------------------------------------

+-----------+-----------------+-------------------+-----------------+-------------+----------------+-------------+----------+----------------+----------+---------------------------------+
| Global Id | Driver Type/Pin | Driver Region (D) | Clock           | Period (ns) | Waveform (ns)  | Slice Loads | IO Loads | Clocking Loads | GT Loads | Net                             |
+-----------+-----------------+-------------------+-----------------+-------------+----------------+-------------+----------+----------------+----------+---------------------------------+
| g5        | BUFG/O          | n/a               | clkfbout_cpuclk |      50.000 | {0.000 25.000} |           0 |        0 |              1 |        0 | cpuclk/inst/clkfbout_buf_cpuclk |
+-----------+-----------------+-------------------+-----------------+-------------+----------------+-------------+----------+----------------+----------+---------------------------------+
* Slice Loads column represents load cell count of all cell types other than IO, GT and clock resources
** IO Loads column represents load cell count of IO types
*** Clocking Loads column represents load cell count that are clock resources (global clock buffer, MMCM, PLL, etc)
**** GT Loads column represents load cell count of GT types


+----+----+----+-----------------------+
|    | X0 | X1 | HORIZONTAL PROG DELAY |
+----+----+----+-----------------------+
| Y3 |  0 |  0 |                     0 |
| Y2 |  0 |  0 |                     0 |
| Y1 |  1 |  0 |                     0 |
| Y0 |  0 |  0 |                     0 |
+----+----+----+-----------------------+


12. Device Cell Placement Summary for Global Clock g6
-----------------------------------------------------

+-----------+-----------------+-------------------+-------+-------------+---------------+-------------+----------+----------------+----------+----------+
| Global Id | Driver Type/Pin | Driver Region (D) | Clock | Period (ns) | Waveform (ns) | Slice Loads | IO Loads | Clocking Loads | GT Loads | Net      |
+-----------+-----------------+-------------------+-------+-------------+---------------+-------------+----------+----------------+----------+----------+
| g6        | BUFG/O          | n/a               |       |             |               |           1 |        0 |              0 |        0 | spg_bufg |
+-----------+-----------------+-------------------+-------+-------------+---------------+-------------+----------+----------------+----------+----------+
* Slice Loads column represents load cell count of all cell types other than IO, GT and clock resources
** IO Loads column represents load cell count of IO types
*** Clocking Loads column represents load cell count that are clock resources (global clock buffer, MMCM, PLL, etc)
**** GT Loads column represents load cell count of GT types


+----+----+----+-----------------------+
|    | X0 | X1 | HORIZONTAL PROG DELAY |
+----+----+----+-----------------------+
| Y3 |  0 |  0 |                     0 |
| Y2 |  0 |  0 |                     0 |
| Y1 |  0 |  1 |                     0 |
| Y0 |  0 |  0 |                     0 |
+----+----+----+-----------------------+


13. Clock Region Cell Placement per Global Clock: Region X0Y1
-------------------------------------------------------------

+-----------+-------+-----------------+------------+-------------+-----------------+-----+--------+------+-----+----+------+-----+---------+---------------------------------+
| Global Id | Track | Driver Type/Pin | Constraint | Clock Loads | Non-Clock Loads | FF  | LUTRAM | RAMB | DSP | GT | MMCM | PLL | Hard IP | Net                             |
+-----------+-------+-----------------+------------+-------------+-----------------+-----+--------+------+-----+----+------+-----+---------+---------------------------------+
| g0        | n/a   | BUFG/O          | None       |         909 |               0 | 909 |      0 |    0 |   0 |  0 |    0 |   0 |       0 | cpuclk/inst/clk_out1            |
| g4        | n/a   | BUFG/O          | None       |           7 |               0 |   1 |      0 |    6 |   0 |  0 |    0 |   0 |       0 | memory/ram_i_1_n_0_BUFG         |
| g5        | n/a   | BUFG/O          | None       |           1 |               0 |   0 |      0 |    0 |   0 |  0 |    1 |   0 |       0 | cpuclk/inst/clkfbout_buf_cpuclk |
+-----------+-------+-----------------+------------+-------------+-----------------+-----+--------+------+-----+----+------+-----+---------+---------------------------------+
* Clock Loads column represents the clock pin loads (pin count)
** Non-Clock Loads column represents the non-clock pin loads (pin count)
*** Columns FF, LUTRAM, RAMB through 'Hard IP' represents load cell counts


14. Clock Region Cell Placement per Global Clock: Region X1Y1
-------------------------------------------------------------

+-----------+-------+-----------------+------------+-------------+-----------------+-----+--------+------+-----+----+------+-----+---------+------------------------------------------+
| Global Id | Track | Driver Type/Pin | Constraint | Clock Loads | Non-Clock Loads | FF  | LUTRAM | RAMB | DSP | GT | MMCM | PLL | Hard IP | Net                                      |
+-----------+-------+-----------------+------------+-------------+-----------------+-----+--------+------+-----+----+------+-----+---------+------------------------------------------+
| g0        | n/a   | BUFG/O          | None       |         187 |               2 | 187 |      0 |    0 |   0 |  0 |    0 |   0 |       0 | cpuclk/inst/clk_out1                     |
| g1        | n/a   | BUFG/O          | None       |         208 |               0 | 208 |      0 |    0 |   0 |  0 |    0 |   0 |       0 | uartpg/inst/upg_inst/rdStat_BUFG         |
| g2        | n/a   | BUFG/O          | None       |         170 |               0 | 153 |     17 |    0 |   0 |  0 |    0 |   0 |       0 | uartpg/inst/upg_inst/upg_clk_i_IBUF_BUFG |
| g3        | n/a   | BUFG/O          | None       |          17 |               0 |   2 |      0 |   14 |   0 |  0 |    0 |   0 |       0 | ROM/instmem_i_1_n_0_BUFG                 |
| g4        | n/a   | BUFG/O          | None       |          10 |               0 |   1 |      0 |    8 |   0 |  0 |    0 |   0 |       0 | memory/ram_i_1_n_0_BUFG                  |
| g6        | n/a   | BUFG/O          | None       |           0 |               1 |   0 |      0 |    0 |   0 |  0 |    0 |   0 |       0 | spg_bufg                                 |
+-----------+-------+-----------------+------------+-------------+-----------------+-----+--------+------+-----+----+------+-----+---------+------------------------------------------+
* Clock Loads column represents the clock pin loads (pin count)
** Non-Clock Loads column represents the non-clock pin loads (pin count)
*** Columns FF, LUTRAM, RAMB through 'Hard IP' represents load cell counts



# Location of BUFG Primitives 
set_property LOC BUFGCTRL_X0Y2 [get_cells uartpg/inst/upg_inst/upg_clk_i_IBUF_BUFG_inst]
set_property LOC BUFGCTRL_X0Y1 [get_cells uartpg/inst/upg_inst/rdStat_BUFG_inst]
set_property LOC BUFGCTRL_X0Y5 [get_cells U1]
set_property LOC BUFGCTRL_X0Y4 [get_cells memory/ram_i_1_n_0_BUFG_inst]
set_property LOC BUFGCTRL_X0Y6 [get_cells cpuclk/inst/clkf_buf]
set_property LOC BUFGCTRL_X0Y0 [get_cells cpuclk/inst/clkout1_buf]
set_property LOC BUFGCTRL_X0Y3 [get_cells ROM/instmem_i_1_n_0_BUFG_inst]

# Location of IO Primitives which is load of clock spine

# Location of clock ports
set_property LOC IOB_X0Y74 [get_ports fpga_clk]
set_property LOC IOB_X1Y108 [get_ports start_pg]

# Clock net "uartpg/inst/upg_inst/upg_clk_i_IBUF_BUFG" driven by instance "uartpg/inst/upg_inst/upg_clk_i_IBUF_BUFG_inst" located at site "BUFGCTRL_X0Y2"
#startgroup
create_pblock {CLKAG_uartpg/inst/upg_inst/upg_clk_i_IBUF_BUFG}
add_cells_to_pblock [get_pblocks  {CLKAG_uartpg/inst/upg_inst/upg_clk_i_IBUF_BUFG}] [get_cells -filter { PRIMITIVE_GROUP != I/O && IS_PRIMITIVE==1 && PRIMITIVE_LEVEL !=INTERNAL } -of_object [get_pins -filter {DIRECTION==IN} -of_objects [get_nets -hierarchical -filter {PARENT=="uartpg/inst/upg_inst/upg_clk_i_IBUF_BUFG"}]]]
resize_pblock [get_pblocks {CLKAG_uartpg/inst/upg_inst/upg_clk_i_IBUF_BUFG}] -add {CLOCKREGION_X1Y1:CLOCKREGION_X1Y1}
#endgroup

# Clock net "uartpg/inst/upg_inst/rdStat_BUFG" driven by instance "uartpg/inst/upg_inst/rdStat_BUFG_inst" located at site "BUFGCTRL_X0Y1"
#startgroup
create_pblock {CLKAG_uartpg/inst/upg_inst/rdStat_BUFG}
add_cells_to_pblock [get_pblocks  {CLKAG_uartpg/inst/upg_inst/rdStat_BUFG}] [get_cells -filter { PRIMITIVE_GROUP != I/O && IS_PRIMITIVE==1 && PRIMITIVE_LEVEL !=INTERNAL } -of_object [get_pins -filter {DIRECTION==IN} -of_objects [get_nets -hierarchical -filter {PARENT=="uartpg/inst/upg_inst/rdStat_BUFG"}]]]
resize_pblock [get_pblocks {CLKAG_uartpg/inst/upg_inst/rdStat_BUFG}] -add {CLOCKREGION_X1Y1:CLOCKREGION_X1Y1}
#endgroup

# Clock net "spg_bufg" driven by instance "U1" located at site "BUFGCTRL_X0Y5"
#startgroup
create_pblock {CLKAG_spg_bufg}
add_cells_to_pblock [get_pblocks  {CLKAG_spg_bufg}] [get_cells -filter { PRIMITIVE_GROUP != I/O && IS_PRIMITIVE==1 && PRIMITIVE_LEVEL !=INTERNAL } -of_object [get_pins -filter {DIRECTION==IN} -of_objects [get_nets -hierarchical -filter {PARENT=="spg_bufg"}]]]
resize_pblock [get_pblocks {CLKAG_spg_bufg}] -add {CLOCKREGION_X1Y1:CLOCKREGION_X1Y1}
#endgroup

# Clock net "memory/ram_i_1_n_0_BUFG" driven by instance "memory/ram_i_1_n_0_BUFG_inst" located at site "BUFGCTRL_X0Y4"
#startgroup
create_pblock {CLKAG_memory/ram_i_1_n_0_BUFG}
add_cells_to_pblock [get_pblocks  {CLKAG_memory/ram_i_1_n_0_BUFG}] [get_cells -filter { PRIMITIVE_GROUP != I/O && IS_PRIMITIVE==1 && PRIMITIVE_LEVEL !=INTERNAL } -of_object [get_pins -filter {DIRECTION==IN} -of_objects [get_nets -hierarchical -filter {PARENT=="memory/ram_i_1_n_0_BUFG"}]]]
resize_pblock [get_pblocks {CLKAG_memory/ram_i_1_n_0_BUFG}] -add {CLOCKREGION_X0Y1:CLOCKREGION_X0Y1 CLOCKREGION_X1Y1:CLOCKREGION_X1Y1}
#endgroup

# Clock net "cpuclk/inst/clk_out1" driven by instance "cpuclk/inst/clkout1_buf" located at site "BUFGCTRL_X0Y0"
#startgroup
create_pblock {CLKAG_cpuclk/inst/clk_out1}
add_cells_to_pblock [get_pblocks  {CLKAG_cpuclk/inst/clk_out1}] [get_cells -filter { PRIMITIVE_GROUP != I/O && IS_PRIMITIVE==1 && PRIMITIVE_LEVEL !=INTERNAL } -of_object [get_pins -filter {DIRECTION==IN} -of_objects [get_nets -hierarchical -filter {PARENT=="cpuclk/inst/clk_out1"}]]]
resize_pblock [get_pblocks {CLKAG_cpuclk/inst/clk_out1}] -add {CLOCKREGION_X0Y1:CLOCKREGION_X0Y1 CLOCKREGION_X1Y1:CLOCKREGION_X1Y1}
#endgroup

# Clock net "ROM/instmem_i_1_n_0_BUFG" driven by instance "ROM/instmem_i_1_n_0_BUFG_inst" located at site "BUFGCTRL_X0Y3"
#startgroup
create_pblock {CLKAG_ROM/instmem_i_1_n_0_BUFG}
add_cells_to_pblock [get_pblocks  {CLKAG_ROM/instmem_i_1_n_0_BUFG}] [get_cells -filter { PRIMITIVE_GROUP != I/O && IS_PRIMITIVE==1 && PRIMITIVE_LEVEL !=INTERNAL } -of_object [get_pins -filter {DIRECTION==IN} -of_objects [get_nets -hierarchical -filter {PARENT=="ROM/instmem_i_1_n_0_BUFG"}]]]
resize_pblock [get_pblocks {CLKAG_ROM/instmem_i_1_n_0_BUFG}] -add {CLOCKREGION_X1Y1:CLOCKREGION_X1Y1}
#endgroup
