#-----------------------------------------------------------
# Vivado v2021.1 (64-bit)
# SW Build 3247384 on Thu Jun 10 19:36:33 MDT 2021
# IP Build 3246043 on Fri Jun 11 00:30:35 MDT 2021
# Start of session at: Fri Jul  9 14:04:21 2021
# Process ID: 19524
# Current directory: V:/cpu/Minisys-1_2
# Command line: vivado.exe -gui_launcher_event rodinguilauncherevent13016 V:\cpu\Minisys-1_2\Minisys-1_2.xpr
# Log file: V:/cpu/Minisys-1_2/vivado.log
# Journal file: V:/cpu/Minisys-1_2\vivado.jou
#-----------------------------------------------------------
start_gui
open_project V:/cpu/Minisys-1_2/Minisys-1_2.xpr
Scanning sources...
Finished scanning sources
INFO: [IP_Flow 19-234] Refreshing IP repositories
INFO: [IP_Flow 19-1700] Loaded user IP repository 'v:/cpu/Minisys-1_2/Minisys-1_2.srcs/sources_1/ip/SEU_CSE_507_user_uart_bmpg_1.3'.
INFO: [IP_Flow 19-2313] Loaded Vivado IP repository 'C:/Xilinx/Vivado/2021.1/data/ip'.
open_project: Time (s): cpu = 00:00:27 ; elapsed = 00:00:11 . Memory (MB): peak = 1136.051 ; gain = 0.000
update_compile_order -fileset sources_1
exit
INFO: [Common 17-206] Exiting Vivado at Fri Jul  9 14:04:59 2021...
