#-----------------------------------------------------------
# Vivado v2021.1 (64-bit)
# SW Build 3247384 on Thu Jun 10 19:36:33 MDT 2021
# IP Build 3246043 on Fri Jun 11 00:30:35 MDT 2021
# Start of session at: Fri Jul  9 00:18:49 2021
# Process ID: 10620
# Current directory: V:/cpu/Minisys-1_2
# Command line: vivado.exe -gui_launcher_event rodinguilauncherevent4472 V:\cpu\Minisys-1_2\Minisys-1_2.xpr
# Log file: V:/cpu/Minisys-1_2/vivado.log
# Journal file: V:/cpu/Minisys-1_2\vivado.jou
#-----------------------------------------------------------
start_gui
open_project V:/cpu/Minisys-1_2/Minisys-1_2.xpr
Scanning sources...
Finished scanning sources
INFO: [IP_Flow 19-234] Refreshing IP repositories
INFO: [IP_Flow 19-1700] Loaded user IP repository 'v:/cpu/Minisys-1_2/Minisys-1_2.srcs/sources_1/ip/SEU_CSE_507_user_uart_bmpg_1.3'.
INFO: [IP_Flow 19-2313] Loaded Vivado IP repository 'C:/Xilinx/Vivado/2021.1/data/ip'.
open_project: Time (s): cpu = 00:00:24 ; elapsed = 00:00:09 . Memory (MB): peak = 1136.934 ; gain = 0.000
update_compile_order -fileset sources_1
open_hw_manager
connect_hw_server -allow_non_jtag
INFO: [Labtools 27-2285] Connecting to hw_server url TCP:localhost:3121
INFO: [Labtools 27-2222] Launching hw_server...
INFO: [Labtools 27-2221] Launch Output:

****** Xilinx hw_server v2021.1
  **** Build date : Jun 10 2021 at 20:17:23
    ** Copyright 1986-2021 Xilinx, Inc. All Rights Reserved.


INFO: [Labtools 27-3415] Connecting to cs_server url TCP:localhost:3042
INFO: [Labtools 27-3417] Launching cs_server...
INFO: [Labtools 27-2221] Launch Output:


******** Xilinx cs_server v2021.1
  ****** Build date   : May 27 2021-01:32:33
    **** Build number : 2021.1.1622050353
      ** Copyright 2017-2021 Xilinx, Inc. All Rights Reserved.



connect_hw_server: Time (s): cpu = 00:00:01 ; elapsed = 00:00:07 . Memory (MB): peak = 1136.934 ; gain = 0.000
disconnect_hw_server localhost:3121
connect_hw_server -allow_non_jtag
INFO: [Labtools 27-2285] Connecting to hw_server url TCP:localhost:3121
INFO: [Labtools 27-3415] Connecting to cs_server url TCP:localhost:3042
INFO: [Labtools 27-3414] Connected to existing cs_server.
disconnect_hw_server localhost:3121
connect_hw_server -allow_non_jtag
INFO: [Labtools 27-2285] Connecting to hw_server url TCP:localhost:3121
INFO: [Labtools 27-3415] Connecting to cs_server url TCP:localhost:3042
INFO: [Labtools 27-3414] Connected to existing cs_server.
open_hw_target
INFO: [Labtoolstcl 44-466] Opening hw_target localhost:3121/xilinx_tcf/Xilinx/1234-tulA
open_hw_target: Time (s): cpu = 00:00:05 ; elapsed = 00:00:06 . Memory (MB): peak = 2738.824 ; gain = 1601.891
set_property PROGRAM.FILE {V:/cpu/Minisys-1_2/Minisys-1_2.runs/impl_1/minisys.bit} [get_hw_devices xc7a100t_0]
current_hw_device [get_hw_devices xc7a100t_0]
refresh_hw_device -update_hw_probes false [lindex [get_hw_devices xc7a100t_0] 0]
INFO: [Labtools 27-1434] Device xc7a100t (JTAG device index = 0) is programmed with a design that has no supported debug core(s) in it.
set_property PROBES.FILE {} [get_hw_devices xc7a100t_0]
set_property FULL_PROBES.FILE {} [get_hw_devices xc7a100t_0]
set_property PROGRAM.FILE {V:/cpu/Minisys-1_2/Minisys-1_2.runs/impl_1/minisys.bit} [get_hw_devices xc7a100t_0]
program_hw_devices [get_hw_devices xc7a100t_0]
INFO: [Labtools 27-3164] End of startup status: HIGH
refresh_hw_device [lindex [get_hw_devices xc7a100t_0] 0]
INFO: [Labtools 27-1434] Device xc7a100t (JTAG device index = 0) is programmed with a design that has no supported debug core(s) in it.
WARNING: [IP_Flow 19-4067] Ignoring invalid widget type specified checkbox.Providing a default widget
WARNING: [IP_Flow 19-4067] Ignoring invalid widget type specified checkbox.Providing a default widget
INFO: [IP_Flow 19-3484] Absolute path of file 'v:/cpu/Minisys-1_2/Minisys-1_2.srcs/prgmip32.coe' provided. It will be converted relative to IP Instance files '../../../../Minisys-1_2.srcs/prgmip32.coe'
set_property -dict [list CONFIG.Coe_File {v:/cpu/Minisys-1_2/Minisys-1_2.srcs/prgmip32.coe}] [get_ips prgrom]
INFO: [IP_Flow 19-3484] Absolute path of file 'v:/cpu/Minisys-1_2/Minisys-1_2.srcs/prgmip32.coe' provided. It will be converted relative to IP Instance files '../../../prgmip32.coe'
WARNING: [IP_Flow 19-4067] Ignoring invalid widget type specified checkbox.Providing a default widget
WARNING: [IP_Flow 19-4067] Ignoring invalid widget type specified checkbox.Providing a default widget
WARNING: [IP_Flow 19-4067] Ignoring invalid widget type specified checkbox.Providing a default widget
WARNING: [IP_Flow 19-4067] Ignoring invalid widget type specified checkbox.Providing a default widget
WARNING: [IP_Flow 19-4067] Ignoring invalid widget type specified checkbox.Providing a default widget
WARNING: [IP_Flow 19-4067] Ignoring invalid widget type specified checkbox.Providing a default widget
INFO: [IP_Flow 19-3484] Absolute path of file 'v:/cpu/software/leds_change/prgmip32.coe' provided. It will be converted relative to IP Instance files '../../../../../software/leds_change/prgmip32.coe'
set_property -dict [list CONFIG.Coe_File {V:/cpu/software/leds_change/prgmip32.coe}] [get_ips prgrom]
INFO: [IP_Flow 19-3484] Absolute path of file 'v:/cpu/software/leds_change/prgmip32.coe' provided. It will be converted relative to IP Instance files '../../../../../software/leds_change/prgmip32.coe'
generate_target all [get_files  V:/cpu/Minisys-1_2/Minisys-1_2.srcs/sources_1/ip/prgrom/prgrom.xci]
INFO: [IP_Flow 19-1686] Generating 'Instantiation Template' target for IP 'prgrom'...
INFO: [IP_Flow 19-1686] Generating 'Synthesis' target for IP 'prgrom'...
INFO: [IP_Flow 19-1686] Generating 'Simulation' target for IP 'prgrom'...
INFO: [IP_Flow 19-1686] Generating 'Miscellaneous' target for IP 'prgrom'...
INFO: [IP_Flow 19-1686] Generating 'Change Log' target for IP 'prgrom'...
catch { config_ip_cache -export [get_ips -all prgrom] }
export_ip_user_files -of_objects [get_files V:/cpu/Minisys-1_2/Minisys-1_2.srcs/sources_1/ip/prgrom/prgrom.xci] -no_script -sync -force -quiet
reset_run prgrom_synth_1
WARNING: [Vivado 12-1017] Problems encountered:
1. Failed to delete one or more files in run directory V:/cpu/Minisys-1_2/Minisys-1_2.runs/prgrom_synth_1

launch_runs prgrom_synth_1 -jobs 4
[Fri Jul  9 00:38:43 2021] Launched prgrom_synth_1...
Run output will be captured here: V:/cpu/Minisys-1_2/Minisys-1_2.runs/prgrom_synth_1/runme.log
export_simulation -of_objects [get_files V:/cpu/Minisys-1_2/Minisys-1_2.srcs/sources_1/ip/prgrom/prgrom.xci] -directory V:/cpu/Minisys-1_2/Minisys-1_2.ip_user_files/sim_scripts -ip_user_files_dir V:/cpu/Minisys-1_2/Minisys-1_2.ip_user_files -ipstatic_source_dir V:/cpu/Minisys-1_2/Minisys-1_2.ip_user_files/ipstatic -lib_map_path [list {modelsim=V:/cpu/Minisys-1_2/Minisys-1_2.cache/compile_simlib/modelsim} {questa=V:/cpu/Minisys-1_2/Minisys-1_2.cache/compile_simlib/questa} {riviera=V:/cpu/Minisys-1_2/Minisys-1_2.cache/compile_simlib/riviera} {activehdl=V:/cpu/Minisys-1_2/Minisys-1_2.cache/compile_simlib/activehdl}] -use_ip_compiled_libs -force -quiet
WARNING: [IP_Flow 19-4067] Ignoring invalid widget type specified checkbox.Providing a default widget
WARNING: [IP_Flow 19-4067] Ignoring invalid widget type specified checkbox.Providing a default widget
INFO: [IP_Flow 19-3484] Absolute path of file 'v:/cpu/software/leds_change/dmem32.coe' provided. It will be converted relative to IP Instance files '../../../../../software/leds_change/dmem32.coe'
set_property -dict [list CONFIG.Coe_File {V:/cpu/software/leds_change/dmem32.coe}] [get_ips ram]
INFO: [IP_Flow 19-3484] Absolute path of file 'v:/cpu/software/leds_change/dmem32.coe' provided. It will be converted relative to IP Instance files '../../../../../software/leds_change/dmem32.coe'
generate_target all [get_files  V:/cpu/Minisys-1_2/Minisys-1_2.srcs/sources_1/ip/ram/ram.xci]
INFO: [IP_Flow 19-1686] Generating 'Instantiation Template' target for IP 'ram'...
INFO: [IP_Flow 19-1686] Generating 'Synthesis' target for IP 'ram'...
INFO: [IP_Flow 19-1686] Generating 'Simulation' target for IP 'ram'...
INFO: [IP_Flow 19-1686] Generating 'Miscellaneous' target for IP 'ram'...
INFO: [IP_Flow 19-1686] Generating 'Change Log' target for IP 'ram'...
catch { config_ip_cache -export [get_ips -all ram] }
export_ip_user_files -of_objects [get_files V:/cpu/Minisys-1_2/Minisys-1_2.srcs/sources_1/ip/ram/ram.xci] -no_script -sync -force -quiet
reset_run ram_synth_1
WARNING: [Vivado 12-1017] Problems encountered:
1. Failed to delete one or more files in run directory V:/cpu/Minisys-1_2/Minisys-1_2.runs/ram_synth_1

launch_runs ram_synth_1 -jobs 4
[Fri Jul  9 00:39:23 2021] Launched ram_synth_1...
Run output will be captured here: V:/cpu/Minisys-1_2/Minisys-1_2.runs/ram_synth_1/runme.log
export_simulation -of_objects [get_files V:/cpu/Minisys-1_2/Minisys-1_2.srcs/sources_1/ip/ram/ram.xci] -directory V:/cpu/Minisys-1_2/Minisys-1_2.ip_user_files/sim_scripts -ip_user_files_dir V:/cpu/Minisys-1_2/Minisys-1_2.ip_user_files -ipstatic_source_dir V:/cpu/Minisys-1_2/Minisys-1_2.ip_user_files/ipstatic -lib_map_path [list {modelsim=V:/cpu/Minisys-1_2/Minisys-1_2.cache/compile_simlib/modelsim} {questa=V:/cpu/Minisys-1_2/Minisys-1_2.cache/compile_simlib/questa} {riviera=V:/cpu/Minisys-1_2/Minisys-1_2.cache/compile_simlib/riviera} {activehdl=V:/cpu/Minisys-1_2/Minisys-1_2.cache/compile_simlib/activehdl}] -use_ip_compiled_libs -force -quiet
reset_run synth_1
WARNING: [Vivado 12-1017] Problems encountered:
1. Failed to delete one or more files in run directory V:/cpu/Minisys-1_2/Minisys-1_2.runs/synth_1

launch_runs impl_1 -jobs 4
[Fri Jul  9 00:40:24 2021] Launched ram_synth_1, synth_1...
Run output will be captured here:
ram_synth_1: V:/cpu/Minisys-1_2/Minisys-1_2.runs/ram_synth_1/runme.log
synth_1: V:/cpu/Minisys-1_2/Minisys-1_2.runs/synth_1/runme.log
[Fri Jul  9 00:40:24 2021] Launched impl_1...
Run output will be captured here: V:/cpu/Minisys-1_2/Minisys-1_2.runs/impl_1/runme.log
reset_run impl_1
reset_run synth_1
WARNING: [Vivado 12-1017] Problems encountered:
1. Failed to delete one or more files in run directory V:/cpu/Minisys-1_2/Minisys-1_2.runs/synth_1

launch_runs impl_1 -jobs 4
[Fri Jul  9 00:47:13 2021] Launched synth_1...
Run output will be captured here: V:/cpu/Minisys-1_2/Minisys-1_2.runs/synth_1/runme.log
[Fri Jul  9 00:47:13 2021] Launched impl_1...
Run output will be captured here: V:/cpu/Minisys-1_2/Minisys-1_2.runs/impl_1/runme.log
launch_runs impl_1 -to_step write_bitstream -jobs 4
[Fri Jul  9 01:00:10 2021] Launched impl_1...
Run output will be captured here: V:/cpu/Minisys-1_2/Minisys-1_2.runs/impl_1/runme.log
set_property PROBES.FILE {} [get_hw_devices xc7a100t_0]
set_property FULL_PROBES.FILE {} [get_hw_devices xc7a100t_0]
set_property PROGRAM.FILE {V:/cpu/Minisys-1_2/Minisys-1_2.runs/impl_1/minisys.bit} [get_hw_devices xc7a100t_0]
program_hw_devices [get_hw_devices xc7a100t_0]
INFO: [Labtools 27-3164] End of startup status: HIGH
refresh_hw_device [lindex [get_hw_devices xc7a100t_0] 0]
INFO: [Labtools 27-1434] Device xc7a100t (JTAG device index = 0) is programmed with a design that has no supported debug core(s) in it.
exit
INFO: [Common 17-206] Exiting Vivado at Fri Jul  9 01:04:22 2021...
