#-----------------------------------------------------------
# Vivado v2017.4 (64-bit)
# SW Build 2086221 on Fri Dec 15 20:55:39 MST 2017
# IP Build 2085800 on Fri Dec 15 22:25:07 MST 2017
# Start of session at: Wed Jul  7 20:53:26 2021
# Process ID: 13564
# Current directory: V:/cpu/ref_1/CPU部分完整代码/Minisys_new
# Command line: vivado.exe -gui_launcher_event rodinguilauncherevent28948 V:\cpu\ref_1\CPU部分完整代码\Minisys_new\Minisys_new.xpr
# Log file: V:/cpu/ref_1/CPU部分完整代码/Minisys_new/vivado.log
# Journal file: V:/cpu/ref_1/CPU部分完整代码/Minisys_new\vivado.jou
#-----------------------------------------------------------
start_gui
open_project V:/cpu/ref_1/CPU部分完整代码/Minisys_new/Minisys_new.xpr
INFO: [Project 1-313] Project file moved from 'F:/Xilinx/Vivado_Workspace/Minisys_new' since last save.
CRITICAL WARNING: [Project 1-19] Could not find the file 'c:/Users/Fran/Desktop/test_31.coe'.
CRITICAL WARNING: [Project 1-19] Could not find the file 'c:/Users/Fran/Desktop/yanshou/prgmip32.coe'.
CRITICAL WARNING: [Project 1-19] Could not find the file 'c:/Users/Fran/Desktop/yanshou/dmem32.coe'.
Scanning sources...
Finished scanning sources
INFO: [IP_Flow 19-234] Refreshing IP repositories
INFO: [IP_Flow 19-1704] No user IP repositories specified
INFO: [IP_Flow 19-2313] Loaded Vivado IP repository 'C:/Xilinx/Vivado/2017.4/data/ip'.
WARNING: [IP_Flow 19-2162] IP 'program' is locked:
* IP definition 'Block Memory Generator (8.1)' for IP 'program' (customized with software release 2013.4) has a newer minor version in the IP Catalog.
Please select 'Report IP Status' from the 'Tools/Report' menu or run Tcl command 'report_ip_status' for more information.
WARNING: [IP_Flow 19-2162] IP 'ram' is locked:
* IP definition 'Block Memory Generator (8.1)' for IP 'ram' (customized with software release 2013.4) has a newer minor version in the IP Catalog.
Please select 'Report IP Status' from the 'Tools/Report' menu or run Tcl command 'report_ip_status' for more information.
open_project: Time (s): cpu = 00:00:15 ; elapsed = 00:00:07 . Memory (MB): peak = 830.520 ; gain = 113.672
update_compile_order -fileset sources_1
update_compile_order -fileset sim_1
exit
INFO: [Common 17-206] Exiting Vivado at Wed Jul  7 21:11:58 2021...
